0 info it worked if it ends with ok
1 verbose cli [ '/usr/bin/node', '/usr/bin/npm', 'run', 'server' ]
2 info using npm@3.5.2
3 info using node@v8.10.0
4 verbose run-script [ 'preserver', 'server', 'postserver' ]
5 info lifecycle webpack-video-1@1.0.0~preserver: webpack-video-1@1.0.0
6 silly lifecycle webpack-video-1@1.0.0~preserver: no script for preserver, continuing
7 info lifecycle webpack-video-1@1.0.0~server: webpack-video-1@1.0.0
8 verbose lifecycle webpack-video-1@1.0.0~server: unsafe-perm in lifecycle true
9 verbose lifecycle webpack-video-1@1.0.0~server: PATH: /usr/share/npm/bin/node-gyp-bin:/home/santosh/Documents/CA-JavaScript/webpack-video-1/node_modules/.bin:/home/santosh/.rvm/gems/ruby-2.5.1/bin:/home/santosh/.rvm/gems/ruby-2.5.1@global/bin:/home/santosh/.rvm/rubies/ruby-2.5.1/bin:/usr/local/sbin:/usr/local/bin:/usr/sbin:/usr/bin:/sbin:/bin:/usr/games:/usr/local/games:/snap/bin:/home/santosh/.rvm/bin:/home/santosh/.rvm/bin:/home/santosh/.rvm/bin
10 verbose lifecycle webpack-video-1@1.0.0~server: CWD: /home/santosh/Documents/CA-JavaScript/webpack-video-1
11 silly lifecycle webpack-video-1@1.0.0~server: Args: [ '-c', 'webpack-dev-server --open' ]
12 silly lifecycle webpack-video-1@1.0.0~server: Returned: code: 1  signal: null
13 info lifecycle webpack-video-1@1.0.0~server: Failed to exec server script
14 verbose stack Error: webpack-video-1@1.0.0 server: `webpack-dev-server --open`
14 verbose stack Exit status 1
14 verbose stack     at EventEmitter.<anonymous> (/usr/share/npm/lib/utils/lifecycle.js:232:16)
14 verbose stack     at emitTwo (events.js:126:13)
14 verbose stack     at EventEmitter.emit (events.js:214:7)
14 verbose stack     at ChildProcess.<anonymous> (/usr/share/npm/lib/utils/spawn.js:24:14)
14 verbose stack     at emitTwo (events.js:126:13)
14 verbose stack     at ChildProcess.emit (events.js:214:7)
14 verbose stack     at maybeClose (internal/child_process.js:925:16)
14 verbose stack     at Process.ChildProcess._handle.onexit (internal/child_process.js:209:5)
15 verbose pkgid webpack-video-1@1.0.0
16 verbose cwd /home/santosh/Documents/CA-JavaScript/webpack-video-1
17 error Linux 4.15.0-42-generic
18 error argv "/usr/bin/node" "/usr/bin/npm" "run" "server"
19 error node v8.10.0
20 error npm  v3.5.2
21 error code ELIFECYCLE
22 error webpack-video-1@1.0.0 server: `webpack-dev-server --open`
22 error Exit status 1
23 error Failed at the webpack-video-1@1.0.0 server script 'webpack-dev-server --open'.
23 error Make sure you have the latest version of node.js and npm installed.
23 error If you do, this is most likely a problem with the webpack-video-1 package,
23 error not with npm itself.
23 error Tell the author that this fails on your system:
23 error     webpack-dev-server --open
23 error You can get information on how to open an issue for this project with:
23 error     npm bugs webpack-video-1
23 error Or if that isn't available, you can get their info via:
23 error     npm owner ls webpack-video-1
23 error There is likely additional logging output above.
24 verbose exit [ 1, true ]
